<?xml version="1.0" encoding="UTF-8"?>
<testng-results ignored="0" total="2" passed="2" failed="0" skipped="0">
  <reporter-output>
  </reporter-output>
  <suite started-at="2026-05-29T01:03:21 IST" name="Default suite" finished-at="2026-05-29T01:03:28 IST" duration-ms="6158">
    <groups>
    </groups>
    <test started-at="2026-05-29T01:03:21 IST" name="Default test" finished-at="2026-05-29T01:03:28 IST" duration-ms="6158">
      <class name="kurma.tests.amazonTest">
        <test-method is-config="true" signature="start()[pri:0, instance:kurma.tests.amazonTest@673fdbce]" started-at="2026-05-29T01:03:21 IST" name="start" finished-at="2026-05-29T01:03:23 IST" duration-ms="1663" status="PASS">
          <reporter-output>
          </reporter-output>
        </test-method> <!-- start -->
        <test-method signature="productEnterField()[pri:1, instance:kurma.tests.amazonTest@673fdbce]" started-at="2026-05-29T01:03:23 IST" name="productEnterField" finished-at="2026-05-29T01:03:25 IST" duration-ms="1909" status="PASS">
          <reporter-output>
          </reporter-output>
        </test-method> <!-- productEnterField -->
        <test-method signature="searchProduct()[pri:2, instance:kurma.tests.amazonTest@673fdbce]" started-at="2026-05-29T01:03:25 IST" name="searchProduct" finished-at="2026-05-29T01:03:27 IST" duration-ms="2278" status="PASS">
          <reporter-output>
          </reporter-output>
        </test-method> <!-- searchProduct -->
        <test-method is-config="true" signature="close()[pri:0, instance:kurma.tests.amazonTest@673fdbce]" started-at="2026-05-29T01:03:27 IST" name="close" finished-at="2026-05-29T01:03:28 IST" duration-ms="270" status="PASS">
          <reporter-output>
          </reporter-output>
        </test-method> <!-- close -->
      </class> <!-- kurma.tests.amazonTest -->
    </test> <!-- Default test -->
  </suite> <!-- Default suite -->
</testng-results>
