<?xml version="1.0" encoding="UTF-8"?>
<testng-results ignored="0" total="2" passed="2" failed="0" skipped="0">
  <reporter-output>
  </reporter-output>
  <suite started-at="2026-05-21T22:02:12 IST" name="Default suite" finished-at="2026-05-21T22:02:23 IST" duration-ms="11282">
    <groups>
    </groups>
    <test started-at="2026-05-21T22:02:12 IST" name="Default test" finished-at="2026-05-21T22:02:23 IST" duration-ms="11282">
      <class name="kurma.tests.amazonTest">
        <test-method is-config="true" signature="start()[pri:0, instance:kurma.tests.amazonTest@233795b6]" started-at="2026-05-21T22:02:12 IST" name="start" finished-at="2026-05-21T22:02:14 IST" duration-ms="2323" status="PASS">
          <reporter-output>
          </reporter-output>
        </test-method> <!-- start -->
        <test-method signature="productEnterField()[pri:1, instance:kurma.tests.amazonTest@233795b6]" started-at="2026-05-21T22:02:14 IST" name="productEnterField" finished-at="2026-05-21T22:02:20 IST" duration-ms="5556" status="PASS">
          <reporter-output>
          </reporter-output>
        </test-method> <!-- productEnterField -->
        <test-method signature="searchProduct()[pri:2, instance:kurma.tests.amazonTest@233795b6]" started-at="2026-05-21T22:02:20 IST" name="searchProduct" finished-at="2026-05-21T22:02:23 IST" duration-ms="3154" status="PASS">
          <reporter-output>
          </reporter-output>
        </test-method> <!-- searchProduct -->
        <test-method is-config="true" signature="close()[pri:0, instance:kurma.tests.amazonTest@233795b6]" started-at="2026-05-21T22:02:23 IST" name="close" finished-at="2026-05-21T22:02:23 IST" duration-ms="207" status="PASS">
          <reporter-output>
          </reporter-output>
        </test-method> <!-- close -->
      </class> <!-- kurma.tests.amazonTest -->
    </test> <!-- Default test -->
  </suite> <!-- Default suite -->
</testng-results>
