<?xml version="1.0" encoding="UTF-8"?>
<testng-results ignored="0" total="1" passed="1" failed="0" skipped="0">
  <reporter-output>
  </reporter-output>
  <suite started-at="2026-06-12T10:44:36 IST" name="RegressionSuite" finished-at="2026-06-12T10:44:50 IST" duration-ms="14437">
    <groups>
    </groups>
    <test started-at="2026-06-12T10:44:36 IST" name="LoginTest" finished-at="2026-06-12T10:44:50 IST" duration-ms="14437">
      <class name="tests.LoginTest">
        <test-method is-config="true" signature="setup()[pri:0, instance:tests.LoginTest@72c8e7b]" started-at="2026-06-12T10:44:36 IST" name="setup" finished-at="2026-06-12T10:44:40 IST" duration-ms="4149" status="PASS">
          <reporter-output>
          </reporter-output>
        </test-method> <!-- setup -->
        <test-method signature="verifyLogin()[pri:0, instance:tests.LoginTest@72c8e7b]" started-at="2026-06-12T10:44:40 IST" name="verifyLogin" finished-at="2026-06-12T10:44:50 IST" duration-ms="9934" status="PASS">
          <reporter-output>
          </reporter-output>
        </test-method> <!-- verifyLogin -->
        <test-method is-config="true" signature="tearDown()[pri:0, instance:tests.LoginTest@72c8e7b]" started-at="2026-06-12T10:44:50 IST" name="tearDown" finished-at="2026-06-12T10:44:50 IST" duration-ms="306" status="PASS">
          <reporter-output>
          </reporter-output>
        </test-method> <!-- tearDown -->
      </class> <!-- tests.LoginTest -->
    </test> <!-- LoginTest -->
  </suite> <!-- RegressionSuite -->
</testng-results>
